<?xml version="1.0" encoding="UTF-8"?>
<testsuite name="com.gestion.ReporteActividadGym.ActividadServicioTest" tests="7" skipped="0" failures="0" errors="0" timestamp="2024-07-28T21:47:28" hostname="DESKTOP-B1CH9TQ" time="3.206">
  <properties/>
  <testcase name="generarReporteMensualTest()" classname="com.gestion.ReporteActividadGym.ActividadServicioTest" time="3.002"/>
  <testcase name="obtenerActividadesNoExistentesTest()" classname="com.gestion.ReporteActividadGym.ActividadServicioTest" time="0.005"/>
  <testcase name="obtenerActividadesPorAprendiz_ActividadNoExistente()" classname="com.gestion.ReporteActividadGym.ActividadServicioTest" time="0.029"/>
  <testcase name="eliminarActividadNoEncontrada()" classname="com.gestion.ReporteActividadGym.ActividadServicioTest" time="0.009"/>
  <testcase name="crearActividadNuevaTest()" classname="com.gestion.ReporteActividadGym.ActividadServicioTest" time="0.061"/>
  <testcase name="actualizarActividadTest()" classname="com.gestion.ReporteActividadGym.ActividadServicioTest" time="0.035"/>
  <testcase name="crearActividadExistenteTest()" classname="com.gestion.ReporteActividadGym.ActividadServicioTest" time="0.009"/>
  <system-out><![CDATA[]]></system-out>
  <system-err><![CDATA[]]></system-err>
</testsuite>
