<?xml version="1.0" encoding="UTF-8"?>
<testsuite name="com.gestion.ReporteActividadGym.ActividadServicioTest" tests="7" skipped="0" failures="0" errors="0" timestamp="2024-07-23T03:44:13" hostname="DESKTOP-B1CH9TQ" time="5.816">
  <properties/>
  <testcase name="guardarActividadNuevaTest()" classname="com.gestion.ReporteActividadGym.ActividadServicioTest" time="5.226"/>
  <testcase name="generarReporteMensualTest()" classname="com.gestion.ReporteActividadGym.ActividadServicioTest" time="0.074"/>
  <testcase name="obtenerActividadesNoExistentesTest()" classname="com.gestion.ReporteActividadGym.ActividadServicioTest" time="0.016"/>
  <testcase name="obtenerActividadesPorAprendiz_ActividadNoExistente()" classname="com.gestion.ReporteActividadGym.ActividadServicioTest" time="0.088"/>
  <testcase name="eliminarActividadNoEncontrada()" classname="com.gestion.ReporteActividadGym.ActividadServicioTest" time="0.032"/>
  <testcase name="guardarActividadExistenteTest()" classname="com.gestion.ReporteActividadGym.ActividadServicioTest" time="0.161"/>
  <testcase name="actualizarActividadTest()" classname="com.gestion.ReporteActividadGym.ActividadServicioTest" time="0.041"/>
  <system-out><![CDATA[]]></system-out>
  <system-err><![CDATA[]]></system-err>
</testsuite>
