<?xml version="1.0" encoding="UTF-8"?>
<testsuite name="com.gestion.ReporteActividadGym.ActividadServicioTest" tests="7" skipped="0" failures="0" errors="0" timestamp="2024-07-27T15:25:29" hostname="DESKTOP-B1CH9TQ" time="2.793">
  <properties/>
  <testcase name="generarReporteMensualTest()" classname="com.gestion.ReporteActividadGym.ActividadServicioTest" time="2.431"/>
  <testcase name="obtenerActividadesNoExistentesTest()" classname="com.gestion.ReporteActividadGym.ActividadServicioTest" time="0.004"/>
  <testcase name="obtenerActividadesPorAprendiz_ActividadNoExistente()" classname="com.gestion.ReporteActividadGym.ActividadServicioTest" time="0.111"/>
  <testcase name="eliminarActividadNoEncontrada()" classname="com.gestion.ReporteActividadGym.ActividadServicioTest" time="0.01"/>
  <testcase name="crearActividadNuevaTest()" classname="com.gestion.ReporteActividadGym.ActividadServicioTest" time="0.143"/>
  <testcase name="actualizarActividadTest()" classname="com.gestion.ReporteActividadGym.ActividadServicioTest" time="0.032"/>
  <testcase name="crearActividadExistenteTest()" classname="com.gestion.ReporteActividadGym.ActividadServicioTest" time="0.016"/>
  <system-out><![CDATA[]]></system-out>
  <system-err><![CDATA[]]></system-err>
</testsuite>
